<?xml version="1.0" encoding="utf-8"?><testsuites><testsuite name="pytest" errors="0" failures="0" skipped="0" tests="3" time="20.265" timestamp="2022-02-25T22:16:42.382809" hostname="Port"><testcase classname="test_webpage1.TestAngular" name="test_page1[homepagedata0]" time="7.900" /><testcase classname="test_webpage1.TestAngular" name="test_page1[homepagedata1]" time="6.146" /><testcase classname="test_webpage1.TestAngular" name="test_page1[homepagedata2]" time="6.181" /></testsuite></testsuites>